INFO 2025-11-15 00:22:58,810 autoreload Watching for file changes with StatReloader
INFO 2025-11-15 00:26:17,325 autoreload E:\NguyenQuocKhanh\DAMH\school_bus_system\config\__init__.py changed, reloading.
INFO 2025-11-15 00:26:19,417 autoreload Watching for file changes with StatReloader
ERROR 2025-11-15 00:26:27,199 signal Signal handler <bound method DjangoFixup.on_import_modules of <celery.fixups.django.DjangoFixup object at 0x000002749BD5B0B0>> raised: ImproperlyConfigured('Could not find the GDAL library (tried "gdal306", "gdal305", "gdal304", "gdal303", "gdal302", "gdal301", "gdal300", "gdal204", "gdal203", "gdal202"). Is GDAL installed? If it is, try setting GDAL_LIBRARY_PATH in your settings.')
Traceback (most recent call last):
  File "E:\NguyenQuocKhanh\DAMH\school_bus_system\venv\Lib\site-packages\celery\utils\dispatch\signal.py", line 276, in send
    response = receiver(signal=self, sender=sender, **named)
               ^^^^^^^^^^^^^^^^^^^^^^^^^^^^^^^^^^^^^^^^^^^^^
  File "E:\NguyenQuocKhanh\DAMH\school_bus_system\venv\Lib\site-packages\celery\fixups\django.py", line 97, in on_import_modules
    self.worker_fixup.validate_models()
  File "E:\NguyenQuocKhanh\DAMH\school_bus_system\venv\Lib\site-packages\celery\fixups\django.py", line 135, in validate_models
    self.django_setup()
  File "E:\NguyenQuocKhanh\DAMH\school_bus_system\venv\Lib\site-packages\celery\fixups\django.py", line 131, in django_setup
    django.setup()
  File "E:\NguyenQuocKhanh\DAMH\school_bus_system\venv\Lib\site-packages\django\__init__.py", line 24, in setup
    apps.populate(settings.INSTALLED_APPS)
  File "E:\NguyenQuocKhanh\DAMH\school_bus_system\venv\Lib\site-packages\django\apps\registry.py", line 116, in populate
    app_config.import_models()
  File "E:\NguyenQuocKhanh\DAMH\school_bus_system\venv\Lib\site-packages\django\apps\config.py", line 269, in import_models
    self.models_module = import_module(models_module_name)
                         ^^^^^^^^^^^^^^^^^^^^^^^^^^^^^^^^^
  File "E:\Anaconda3\Lib\importlib\__init__.py", line 90, in import_module
    return _bootstrap._gcd_import(name[level:], package, level)
           ^^^^^^^^^^^^^^^^^^^^^^^^^^^^^^^^^^^^^^^^^^^^^^^^^^^^
  File "<frozen importlib._bootstrap>", line 1387, in _gcd_import
  File "<frozen importlib._bootstrap>", line 1360, in _find_and_load
  File "<frozen importlib._bootstrap>", line 1331, in _find_and_load_unlocked
  File "<frozen importlib._bootstrap>", line 935, in _load_unlocked
  File "<frozen importlib._bootstrap_external>", line 995, in exec_module
  File "<frozen importlib._bootstrap>", line 488, in _call_with_frames_removed
  File "E:\NguyenQuocKhanh\DAMH\school_bus_system\venv\Lib\site-packages\django\contrib\auth\models.py", line 3, in <module>
    from django.contrib.auth.base_user import AbstractBaseUser, BaseUserManager
  File "E:\NguyenQuocKhanh\DAMH\school_bus_system\venv\Lib\site-packages\django\contrib\auth\base_user.py", line 57, in <module>
    class AbstractBaseUser(models.Model):
  File "E:\NguyenQuocKhanh\DAMH\school_bus_system\venv\Lib\site-packages\django\db\models\base.py", line 143, in __new__
    new_class.add_to_class("_meta", Options(meta, app_label))
  File "E:\NguyenQuocKhanh\DAMH\school_bus_system\venv\Lib\site-packages\django\db\models\base.py", line 371, in add_to_class
    value.contribute_to_class(cls, name)
  File "E:\NguyenQuocKhanh\DAMH\school_bus_system\venv\Lib\site-packages\django\db\models\options.py", line 243, in contribute_to_class
    self.db_table, connection.ops.max_name_length()
                   ^^^^^^^^^^^^^^
  File "E:\NguyenQuocKhanh\DAMH\school_bus_system\venv\Lib\site-packages\django\utils\connection.py", line 15, in __getattr__
    return getattr(self._connections[self._alias], item)
                   ~~~~~~~~~~~~~~~~~^^^^^^^^^^^^^
  File "E:\NguyenQuocKhanh\DAMH\school_bus_system\venv\Lib\site-packages\django\utils\connection.py", line 62, in __getitem__
    conn = self.create_connection(alias)
           ^^^^^^^^^^^^^^^^^^^^^^^^^^^^^
  File "E:\NguyenQuocKhanh\DAMH\school_bus_system\venv\Lib\site-packages\django\db\utils.py", line 193, in create_connection
    backend = load_backend(db["ENGINE"])
              ^^^^^^^^^^^^^^^^^^^^^^^^^^
  File "E:\NguyenQuocKhanh\DAMH\school_bus_system\venv\Lib\site-packages\django\db\utils.py", line 113, in load_backend
    return import_module("%s.base" % backend_name)
           ^^^^^^^^^^^^^^^^^^^^^^^^^^^^^^^^^^^^^^^
  File "E:\Anaconda3\Lib\importlib\__init__.py", line 90, in import_module
    return _bootstrap._gcd_import(name[level:], package, level)
           ^^^^^^^^^^^^^^^^^^^^^^^^^^^^^^^^^^^^^^^^^^^^^^^^^^^^
  File "E:\NguyenQuocKhanh\DAMH\school_bus_system\venv\Lib\site-packages\django\contrib\gis\db\backends\postgis\base.py", line 7, in <module>
    from .adapter import PostGISAdapter
  File "E:\NguyenQuocKhanh\DAMH\school_bus_system\venv\Lib\site-packages\django\contrib\gis\db\backends\postgis\adapter.py", line 5, in <module>
    from django.contrib.gis.geos import GEOSGeometry
  File "E:\NguyenQuocKhanh\DAMH\school_bus_system\venv\Lib\site-packages\django\contrib\gis\geos\__init__.py", line 5, in <module>
    from .collections import (  # NOQA
  File "E:\NguyenQuocKhanh\DAMH\school_bus_system\venv\Lib\site-packages\django\contrib\gis\geos\collections.py", line 6, in <module>
    from django.contrib.gis.geos.geometry import GEOSGeometry, LinearGeometryMixin
  File "E:\NguyenQuocKhanh\DAMH\school_bus_system\venv\Lib\site-packages\django\contrib\gis\geos\geometry.py", line 8, in <module>
    from django.contrib.gis import gdal
  File "E:\NguyenQuocKhanh\DAMH\school_bus_system\venv\Lib\site-packages\django\contrib\gis\gdal\__init__.py", line 28, in <module>
    from django.contrib.gis.gdal.datasource import DataSource
  File "E:\NguyenQuocKhanh\DAMH\school_bus_system\venv\Lib\site-packages\django\contrib\gis\gdal\datasource.py", line 40, in <module>
    from django.contrib.gis.gdal.driver import Driver
  File "E:\NguyenQuocKhanh\DAMH\school_bus_system\venv\Lib\site-packages\django\contrib\gis\gdal\driver.py", line 5, in <module>
    from django.contrib.gis.gdal.prototypes import ds as vcapi
  File "E:\NguyenQuocKhanh\DAMH\school_bus_system\venv\Lib\site-packages\django\contrib\gis\gdal\prototypes\ds.py", line 9, in <module>
    from django.contrib.gis.gdal.libgdal import lgdal
  File "E:\NguyenQuocKhanh\DAMH\school_bus_system\venv\Lib\site-packages\django\contrib\gis\gdal\libgdal.py", line 64, in <module>
    raise ImproperlyConfigured(
django.core.exceptions.ImproperlyConfigured: Could not find the GDAL library (tried "gdal306", "gdal305", "gdal304", "gdal303", "gdal302", "gdal301", "gdal300", "gdal204", "gdal203", "gdal202"). Is GDAL installed? If it is, try setting GDAL_LIBRARY_PATH in your settings.
ERROR 2025-11-15 00:35:01,374 signal Signal handler <bound method DjangoFixup.on_import_modules of <celery.fixups.django.DjangoFixup object at 0x0000019C82C9A8A0>> raised: ImproperlyConfigured('Could not find the GDAL library (tried "gdal306", "gdal305", "gdal304", "gdal303", "gdal302", "gdal301", "gdal300", "gdal204", "gdal203", "gdal202"). Is GDAL installed? If it is, try setting GDAL_LIBRARY_PATH in your settings.')
Traceback (most recent call last):
  File "E:\NguyenQuocKhanh\DAMH\school_bus_system\venv\Lib\site-packages\celery\utils\dispatch\signal.py", line 276, in send
    response = receiver(signal=self, sender=sender, **named)
               ^^^^^^^^^^^^^^^^^^^^^^^^^^^^^^^^^^^^^^^^^^^^^
  File "E:\NguyenQuocKhanh\DAMH\school_bus_system\venv\Lib\site-packages\celery\fixups\django.py", line 97, in on_import_modules
    self.worker_fixup.validate_models()
  File "E:\NguyenQuocKhanh\DAMH\school_bus_system\venv\Lib\site-packages\celery\fixups\django.py", line 135, in validate_models
    self.django_setup()
  File "E:\NguyenQuocKhanh\DAMH\school_bus_system\venv\Lib\site-packages\celery\fixups\django.py", line 131, in django_setup
    django.setup()
  File "E:\NguyenQuocKhanh\DAMH\school_bus_system\venv\Lib\site-packages\django\__init__.py", line 24, in setup
    apps.populate(settings.INSTALLED_APPS)
  File "E:\NguyenQuocKhanh\DAMH\school_bus_system\venv\Lib\site-packages\django\apps\registry.py", line 116, in populate
    app_config.import_models()
  File "E:\NguyenQuocKhanh\DAMH\school_bus_system\venv\Lib\site-packages\django\apps\config.py", line 269, in import_models
    self.models_module = import_module(models_module_name)
                         ^^^^^^^^^^^^^^^^^^^^^^^^^^^^^^^^^
  File "E:\Anaconda3\Lib\importlib\__init__.py", line 90, in import_module
    return _bootstrap._gcd_import(name[level:], package, level)
           ^^^^^^^^^^^^^^^^^^^^^^^^^^^^^^^^^^^^^^^^^^^^^^^^^^^^
  File "<frozen importlib._bootstrap>", line 1387, in _gcd_import
  File "<frozen importlib._bootstrap>", line 1360, in _find_and_load
  File "<frozen importlib._bootstrap>", line 1331, in _find_and_load_unlocked
  File "<frozen importlib._bootstrap>", line 935, in _load_unlocked
  File "<frozen importlib._bootstrap_external>", line 995, in exec_module
  File "<frozen importlib._bootstrap>", line 488, in _call_with_frames_removed
  File "E:\NguyenQuocKhanh\DAMH\school_bus_system\venv\Lib\site-packages\django\contrib\auth\models.py", line 3, in <module>
    from django.contrib.auth.base_user import AbstractBaseUser, BaseUserManager
  File "E:\NguyenQuocKhanh\DAMH\school_bus_system\venv\Lib\site-packages\django\contrib\auth\base_user.py", line 57, in <module>
    class AbstractBaseUser(models.Model):
  File "E:\NguyenQuocKhanh\DAMH\school_bus_system\venv\Lib\site-packages\django\db\models\base.py", line 143, in __new__
    new_class.add_to_class("_meta", Options(meta, app_label))
  File "E:\NguyenQuocKhanh\DAMH\school_bus_system\venv\Lib\site-packages\django\db\models\base.py", line 371, in add_to_class
    value.contribute_to_class(cls, name)
  File "E:\NguyenQuocKhanh\DAMH\school_bus_system\venv\Lib\site-packages\django\db\models\options.py", line 243, in contribute_to_class
    self.db_table, connection.ops.max_name_length()
                   ^^^^^^^^^^^^^^
  File "E:\NguyenQuocKhanh\DAMH\school_bus_system\venv\Lib\site-packages\django\utils\connection.py", line 15, in __getattr__
    return getattr(self._connections[self._alias], item)
                   ~~~~~~~~~~~~~~~~~^^^^^^^^^^^^^
  File "E:\NguyenQuocKhanh\DAMH\school_bus_system\venv\Lib\site-packages\django\utils\connection.py", line 62, in __getitem__
    conn = self.create_connection(alias)
           ^^^^^^^^^^^^^^^^^^^^^^^^^^^^^
  File "E:\NguyenQuocKhanh\DAMH\school_bus_system\venv\Lib\site-packages\django\db\utils.py", line 193, in create_connection
    backend = load_backend(db["ENGINE"])
              ^^^^^^^^^^^^^^^^^^^^^^^^^^
  File "E:\NguyenQuocKhanh\DAMH\school_bus_system\venv\Lib\site-packages\django\db\utils.py", line 113, in load_backend
    return import_module("%s.base" % backend_name)
           ^^^^^^^^^^^^^^^^^^^^^^^^^^^^^^^^^^^^^^^
  File "E:\Anaconda3\Lib\importlib\__init__.py", line 90, in import_module
    return _bootstrap._gcd_import(name[level:], package, level)
           ^^^^^^^^^^^^^^^^^^^^^^^^^^^^^^^^^^^^^^^^^^^^^^^^^^^^
  File "E:\NguyenQuocKhanh\DAMH\school_bus_system\venv\Lib\site-packages\django\contrib\gis\db\backends\postgis\base.py", line 7, in <module>
    from .adapter import PostGISAdapter
  File "E:\NguyenQuocKhanh\DAMH\school_bus_system\venv\Lib\site-packages\django\contrib\gis\db\backends\postgis\adapter.py", line 5, in <module>
    from django.contrib.gis.geos import GEOSGeometry
  File "E:\NguyenQuocKhanh\DAMH\school_bus_system\venv\Lib\site-packages\django\contrib\gis\geos\__init__.py", line 5, in <module>
    from .collections import (  # NOQA
  File "E:\NguyenQuocKhanh\DAMH\school_bus_system\venv\Lib\site-packages\django\contrib\gis\geos\collections.py", line 6, in <module>
    from django.contrib.gis.geos.geometry import GEOSGeometry, LinearGeometryMixin
  File "E:\NguyenQuocKhanh\DAMH\school_bus_system\venv\Lib\site-packages\django\contrib\gis\geos\geometry.py", line 8, in <module>
    from django.contrib.gis import gdal
  File "E:\NguyenQuocKhanh\DAMH\school_bus_system\venv\Lib\site-packages\django\contrib\gis\gdal\__init__.py", line 28, in <module>
    from django.contrib.gis.gdal.datasource import DataSource
  File "E:\NguyenQuocKhanh\DAMH\school_bus_system\venv\Lib\site-packages\django\contrib\gis\gdal\datasource.py", line 40, in <module>
    from django.contrib.gis.gdal.driver import Driver
  File "E:\NguyenQuocKhanh\DAMH\school_bus_system\venv\Lib\site-packages\django\contrib\gis\gdal\driver.py", line 5, in <module>
    from django.contrib.gis.gdal.prototypes import ds as vcapi
  File "E:\NguyenQuocKhanh\DAMH\school_bus_system\venv\Lib\site-packages\django\contrib\gis\gdal\prototypes\ds.py", line 9, in <module>
    from django.contrib.gis.gdal.libgdal import lgdal
  File "E:\NguyenQuocKhanh\DAMH\school_bus_system\venv\Lib\site-packages\django\contrib\gis\gdal\libgdal.py", line 64, in <module>
    raise ImproperlyConfigured(
django.core.exceptions.ImproperlyConfigured: Could not find the GDAL library (tried "gdal306", "gdal305", "gdal304", "gdal303", "gdal302", "gdal301", "gdal300", "gdal204", "gdal203", "gdal202"). Is GDAL installed? If it is, try setting GDAL_LIBRARY_PATH in your settings.
INFO 2025-11-16 22:21:42,137 autoreload Watching for file changes with StatReloader
ERROR 2025-11-16 22:21:59,086 signal Signal handler <bound method DjangoFixup.on_import_modules of <celery.fixups.django.DjangoFixup object at 0x0000028BA3D71D00>> raised: ImproperlyConfigured('Could not find the GDAL library (tried "gdal306", "gdal305", "gdal304", "gdal303", "gdal302", "gdal301", "gdal300", "gdal204", "gdal203", "gdal202"). Is GDAL installed? If it is, try setting GDAL_LIBRARY_PATH in your settings.')
Traceback (most recent call last):
  File "E:\NguyenQuocKhanh\DAMH\school_bus_system\venv\Lib\site-packages\celery\utils\dispatch\signal.py", line 276, in send
    response = receiver(signal=self, sender=sender, **named)
               ^^^^^^^^^^^^^^^^^^^^^^^^^^^^^^^^^^^^^^^^^^^^^
  File "E:\NguyenQuocKhanh\DAMH\school_bus_system\venv\Lib\site-packages\celery\fixups\django.py", line 97, in on_import_modules
    self.worker_fixup.validate_models()
  File "E:\NguyenQuocKhanh\DAMH\school_bus_system\venv\Lib\site-packages\celery\fixups\django.py", line 135, in validate_models
    self.django_setup()
  File "E:\NguyenQuocKhanh\DAMH\school_bus_system\venv\Lib\site-packages\celery\fixups\django.py", line 131, in django_setup
    django.setup()
  File "E:\NguyenQuocKhanh\DAMH\school_bus_system\venv\Lib\site-packages\django\__init__.py", line 24, in setup
    apps.populate(settings.INSTALLED_APPS)
  File "E:\NguyenQuocKhanh\DAMH\school_bus_system\venv\Lib\site-packages\django\apps\registry.py", line 116, in populate
    app_config.import_models()
  File "E:\NguyenQuocKhanh\DAMH\school_bus_system\venv\Lib\site-packages\django\apps\config.py", line 269, in import_models
    self.models_module = import_module(models_module_name)
                         ^^^^^^^^^^^^^^^^^^^^^^^^^^^^^^^^^
  File "E:\Anaconda3\Lib\importlib\__init__.py", line 90, in import_module
    return _bootstrap._gcd_import(name[level:], package, level)
           ^^^^^^^^^^^^^^^^^^^^^^^^^^^^^^^^^^^^^^^^^^^^^^^^^^^^
  File "<frozen importlib._bootstrap>", line 1387, in _gcd_import
  File "<frozen importlib._bootstrap>", line 1360, in _find_and_load
  File "<frozen importlib._bootstrap>", line 1331, in _find_and_load_unlocked
  File "<frozen importlib._bootstrap>", line 935, in _load_unlocked
  File "<frozen importlib._bootstrap_external>", line 995, in exec_module
  File "<frozen importlib._bootstrap>", line 488, in _call_with_frames_removed
  File "E:\NguyenQuocKhanh\DAMH\school_bus_system\venv\Lib\site-packages\django\contrib\auth\models.py", line 3, in <module>
    from django.contrib.auth.base_user import AbstractBaseUser, BaseUserManager
  File "E:\NguyenQuocKhanh\DAMH\school_bus_system\venv\Lib\site-packages\django\contrib\auth\base_user.py", line 57, in <module>
    class AbstractBaseUser(models.Model):
  File "E:\NguyenQuocKhanh\DAMH\school_bus_system\venv\Lib\site-packages\django\db\models\base.py", line 143, in __new__
    new_class.add_to_class("_meta", Options(meta, app_label))
  File "E:\NguyenQuocKhanh\DAMH\school_bus_system\venv\Lib\site-packages\django\db\models\base.py", line 371, in add_to_class
    value.contribute_to_class(cls, name)
  File "E:\NguyenQuocKhanh\DAMH\school_bus_system\venv\Lib\site-packages\django\db\models\options.py", line 243, in contribute_to_class
    self.db_table, connection.ops.max_name_length()
                   ^^^^^^^^^^^^^^
  File "E:\NguyenQuocKhanh\DAMH\school_bus_system\venv\Lib\site-packages\django\utils\connection.py", line 15, in __getattr__
    return getattr(self._connections[self._alias], item)
                   ~~~~~~~~~~~~~~~~~^^^^^^^^^^^^^
  File "E:\NguyenQuocKhanh\DAMH\school_bus_system\venv\Lib\site-packages\django\utils\connection.py", line 62, in __getitem__
    conn = self.create_connection(alias)
           ^^^^^^^^^^^^^^^^^^^^^^^^^^^^^
  File "E:\NguyenQuocKhanh\DAMH\school_bus_system\venv\Lib\site-packages\django\db\utils.py", line 193, in create_connection
    backend = load_backend(db["ENGINE"])
              ^^^^^^^^^^^^^^^^^^^^^^^^^^
  File "E:\NguyenQuocKhanh\DAMH\school_bus_system\venv\Lib\site-packages\django\db\utils.py", line 113, in load_backend
    return import_module("%s.base" % backend_name)
           ^^^^^^^^^^^^^^^^^^^^^^^^^^^^^^^^^^^^^^^
  File "E:\Anaconda3\Lib\importlib\__init__.py", line 90, in import_module
    return _bootstrap._gcd_import(name[level:], package, level)
           ^^^^^^^^^^^^^^^^^^^^^^^^^^^^^^^^^^^^^^^^^^^^^^^^^^^^
  File "E:\NguyenQuocKhanh\DAMH\school_bus_system\venv\Lib\site-packages\django\contrib\gis\db\backends\postgis\base.py", line 7, in <module>
    from .adapter import PostGISAdapter
  File "E:\NguyenQuocKhanh\DAMH\school_bus_system\venv\Lib\site-packages\django\contrib\gis\db\backends\postgis\adapter.py", line 5, in <module>
    from django.contrib.gis.geos import GEOSGeometry
  File "E:\NguyenQuocKhanh\DAMH\school_bus_system\venv\Lib\site-packages\django\contrib\gis\geos\__init__.py", line 5, in <module>
    from .collections import (  # NOQA
  File "E:\NguyenQuocKhanh\DAMH\school_bus_system\venv\Lib\site-packages\django\contrib\gis\geos\collections.py", line 6, in <module>
    from django.contrib.gis.geos.geometry import GEOSGeometry, LinearGeometryMixin
  File "E:\NguyenQuocKhanh\DAMH\school_bus_system\venv\Lib\site-packages\django\contrib\gis\geos\geometry.py", line 8, in <module>
    from django.contrib.gis import gdal
  File "E:\NguyenQuocKhanh\DAMH\school_bus_system\venv\Lib\site-packages\django\contrib\gis\gdal\__init__.py", line 28, in <module>
    from django.contrib.gis.gdal.datasource import DataSource
  File "E:\NguyenQuocKhanh\DAMH\school_bus_system\venv\Lib\site-packages\django\contrib\gis\gdal\datasource.py", line 40, in <module>
    from django.contrib.gis.gdal.driver import Driver
  File "E:\NguyenQuocKhanh\DAMH\school_bus_system\venv\Lib\site-packages\django\contrib\gis\gdal\driver.py", line 5, in <module>
    from django.contrib.gis.gdal.prototypes import ds as vcapi
  File "E:\NguyenQuocKhanh\DAMH\school_bus_system\venv\Lib\site-packages\django\contrib\gis\gdal\prototypes\ds.py", line 9, in <module>
    from django.contrib.gis.gdal.libgdal import lgdal
  File "E:\NguyenQuocKhanh\DAMH\school_bus_system\venv\Lib\site-packages\django\contrib\gis\gdal\libgdal.py", line 64, in <module>
    raise ImproperlyConfigured(
django.core.exceptions.ImproperlyConfigured: Could not find the GDAL library (tried "gdal306", "gdal305", "gdal304", "gdal303", "gdal302", "gdal301", "gdal300", "gdal204", "gdal203", "gdal202"). Is GDAL installed? If it is, try setting GDAL_LIBRARY_PATH in your settings.
INFO 2025-11-16 22:27:12,492 autoreload E:\NguyenQuocKhanh\DAMH\school_bus_system\config\settings.py changed, reloading.
INFO 2025-11-16 22:27:14,786 autoreload Watching for file changes with StatReloader
INFO 2025-11-16 22:27:38,884 autoreload E:\NguyenQuocKhanh\DAMH\school_bus_system\config\settings.py changed, reloading.
INFO 2025-11-16 23:27:34,036 autoreload Watching for file changes with StatReloader
INFO 2025-11-16 23:27:34,426 server HTTP/2 support not enabled (install the http2 and tls Twisted extras)
INFO 2025-11-16 23:27:34,431 server Configuring endpoint tcp:port=8000:interface=127.0.0.1
INFO 2025-11-16 23:27:34,432 server Listening on TCP address 127.0.0.1:8000
ERROR 2025-11-16 23:27:38,924 log Internal Server Error: /api/auth/login/
Traceback (most recent call last):
  File "E:\NguyenQuocKhanh\DAMH\school_bus_system\venv\Lib\site-packages\django\core\handlers\exception.py", line 55, in inner
    response = get_response(request)
               ^^^^^^^^^^^^^^^^^^^^^
  File "E:\NguyenQuocKhanh\DAMH\school_bus_system\venv\Lib\site-packages\django\utils\deprecation.py", line 136, in __call__
    response = self.process_response(request, response)
               ^^^^^^^^^^^^^^^^^^^^^^^^^^^^^^^^^^^^^^^^
  File "E:\NguyenQuocKhanh\DAMH\school_bus_system\venv\Lib\site-packages\django\middleware\security.py", line 47, in process_response
    response.headers.setdefault("X-Content-Type-Options", "nosniff")
    ^^^^^^^^^^^^^^^^
AttributeError: 'coroutine' object has no attribute 'headers'
ERROR 2025-11-16 23:27:39,461 server Exception inside application: object HttpResponse can't be used in 'await' expression
Traceback (most recent call last):
  File "E:\NguyenQuocKhanh\DAMH\school_bus_system\venv\Lib\site-packages\django\contrib\staticfiles\handlers.py", line 101, in __call__
    return await self.application(scope, receive, send)
           ^^^^^^^^^^^^^^^^^^^^^^^^^^^^^^^^^^^^^^^^^^^^
  File "E:\NguyenQuocKhanh\DAMH\school_bus_system\venv\Lib\site-packages\channels\routing.py", line 62, in __call__
    return await application(scope, receive, send)
           ^^^^^^^^^^^^^^^^^^^^^^^^^^^^^^^^^^^^^^^
  File "E:\NguyenQuocKhanh\DAMH\school_bus_system\venv\Lib\site-packages\django\core\handlers\asgi.py", line 160, in __call__
    await self.handle(scope, receive, send)
  File "E:\NguyenQuocKhanh\DAMH\school_bus_system\venv\Lib\site-packages\django\core\handlers\asgi.py", line 183, in handle
    response = await self.get_response_async(request)
               ^^^^^^^^^^^^^^^^^^^^^^^^^^^^^^^^^^^^^^
  File "E:\NguyenQuocKhanh\DAMH\school_bus_system\venv\Lib\site-packages\django\core\handlers\base.py", line 162, in get_response_async
    response = await self._middleware_chain(request)
               ^^^^^^^^^^^^^^^^^^^^^^^^^^^^^^^^^^^^^
TypeError: object HttpResponse can't be used in 'await' expression
ERROR 2025-11-16 23:27:39,461 runserver [35;1mHTTP POST /api/auth/login/ 500 [0.90, 127.0.0.1:51580][0m
ERROR 2025-11-16 23:29:08,863 log Internal Server Error: /api/auth/register/
Traceback (most recent call last):
  File "E:\NguyenQuocKhanh\DAMH\school_bus_system\venv\Lib\site-packages\django\core\handlers\exception.py", line 55, in inner
    response = get_response(request)
               ^^^^^^^^^^^^^^^^^^^^^
  File "E:\NguyenQuocKhanh\DAMH\school_bus_system\venv\Lib\site-packages\django\utils\deprecation.py", line 136, in __call__
    response = self.process_response(request, response)
               ^^^^^^^^^^^^^^^^^^^^^^^^^^^^^^^^^^^^^^^^
  File "E:\NguyenQuocKhanh\DAMH\school_bus_system\venv\Lib\site-packages\django\middleware\security.py", line 47, in process_response
    response.headers.setdefault("X-Content-Type-Options", "nosniff")
    ^^^^^^^^^^^^^^^^
AttributeError: 'coroutine' object has no attribute 'headers'
ERROR 2025-11-16 23:29:09,130 server Exception inside application: object HttpResponse can't be used in 'await' expression
Traceback (most recent call last):
  File "E:\NguyenQuocKhanh\DAMH\school_bus_system\venv\Lib\site-packages\django\contrib\staticfiles\handlers.py", line 101, in __call__
    return await self.application(scope, receive, send)
           ^^^^^^^^^^^^^^^^^^^^^^^^^^^^^^^^^^^^^^^^^^^^
  File "E:\NguyenQuocKhanh\DAMH\school_bus_system\venv\Lib\site-packages\channels\routing.py", line 62, in __call__
    return await application(scope, receive, send)
           ^^^^^^^^^^^^^^^^^^^^^^^^^^^^^^^^^^^^^^^
  File "E:\NguyenQuocKhanh\DAMH\school_bus_system\venv\Lib\site-packages\django\core\handlers\asgi.py", line 160, in __call__
    await self.handle(scope, receive, send)
  File "E:\NguyenQuocKhanh\DAMH\school_bus_system\venv\Lib\site-packages\django\core\handlers\asgi.py", line 183, in handle
    response = await self.get_response_async(request)
               ^^^^^^^^^^^^^^^^^^^^^^^^^^^^^^^^^^^^^^
  File "E:\NguyenQuocKhanh\DAMH\school_bus_system\venv\Lib\site-packages\django\core\handlers\base.py", line 162, in get_response_async
    response = await self._middleware_chain(request)
               ^^^^^^^^^^^^^^^^^^^^^^^^^^^^^^^^^^^^^
TypeError: object HttpResponse can't be used in 'await' expression
ERROR 2025-11-16 23:29:09,130 runserver [35;1mHTTP POST /api/auth/register/ 500 [0.29, 127.0.0.1:61266][0m
ERROR 2025-11-16 23:29:19,570 log Internal Server Error: /api/auth/login/
Traceback (most recent call last):
  File "E:\NguyenQuocKhanh\DAMH\school_bus_system\venv\Lib\site-packages\django\core\handlers\exception.py", line 55, in inner
    response = get_response(request)
               ^^^^^^^^^^^^^^^^^^^^^
  File "E:\NguyenQuocKhanh\DAMH\school_bus_system\venv\Lib\site-packages\django\utils\deprecation.py", line 136, in __call__
    response = self.process_response(request, response)
               ^^^^^^^^^^^^^^^^^^^^^^^^^^^^^^^^^^^^^^^^
  File "E:\NguyenQuocKhanh\DAMH\school_bus_system\venv\Lib\site-packages\django\middleware\security.py", line 47, in process_response
    response.headers.setdefault("X-Content-Type-Options", "nosniff")
    ^^^^^^^^^^^^^^^^
AttributeError: 'coroutine' object has no attribute 'headers'
ERROR 2025-11-16 23:29:20,201 server Exception inside application: object HttpResponse can't be used in 'await' expression
Traceback (most recent call last):
  File "E:\NguyenQuocKhanh\DAMH\school_bus_system\venv\Lib\site-packages\django\contrib\staticfiles\handlers.py", line 101, in __call__
    return await self.application(scope, receive, send)
           ^^^^^^^^^^^^^^^^^^^^^^^^^^^^^^^^^^^^^^^^^^^^
  File "E:\NguyenQuocKhanh\DAMH\school_bus_system\venv\Lib\site-packages\channels\routing.py", line 62, in __call__
    return await application(scope, receive, send)
           ^^^^^^^^^^^^^^^^^^^^^^^^^^^^^^^^^^^^^^^
  File "E:\NguyenQuocKhanh\DAMH\school_bus_system\venv\Lib\site-packages\django\core\handlers\asgi.py", line 160, in __call__
    await self.handle(scope, receive, send)
  File "E:\NguyenQuocKhanh\DAMH\school_bus_system\venv\Lib\site-packages\django\core\handlers\asgi.py", line 183, in handle
    response = await self.get_response_async(request)
               ^^^^^^^^^^^^^^^^^^^^^^^^^^^^^^^^^^^^^^
  File "E:\NguyenQuocKhanh\DAMH\school_bus_system\venv\Lib\site-packages\django\core\handlers\base.py", line 162, in get_response_async
    response = await self._middleware_chain(request)
               ^^^^^^^^^^^^^^^^^^^^^^^^^^^^^^^^^^^^^
TypeError: object HttpResponse can't be used in 'await' expression
ERROR 2025-11-16 23:29:20,202 runserver [35;1mHTTP POST /api/auth/login/ 500 [0.65, 127.0.0.1:61266][0m
INFO 2025-11-16 23:31:45,492 autoreload Watching for file changes with StatReloader
INFO 2025-11-16 23:31:45,834 server HTTP/2 support not enabled (install the http2 and tls Twisted extras)
INFO 2025-11-16 23:31:45,834 server Configuring endpoint tcp:port=8000:interface=127.0.0.1
INFO 2025-11-16 23:31:45,836 server Listening on TCP address 127.0.0.1:8000
INFO 2025-11-16 23:32:34,046 autoreload E:\NguyenQuocKhanh\DAMH\school_bus_system\config\settings.py changed, reloading.
INFO 2025-11-16 23:32:36,224 autoreload Watching for file changes with StatReloader
INFO 2025-11-16 23:32:58,505 autoreload E:\NguyenQuocKhanh\DAMH\school_bus_system\config\settings.py changed, reloading.
INFO 2025-11-16 23:33:00,871 autoreload Watching for file changes with StatReloader
INFO 2025-11-16 23:33:19,464 autoreload E:\NguyenQuocKhanh\DAMH\school_bus_system\config\settings.py changed, reloading.
INFO 2025-11-16 23:33:21,893 autoreload Watching for file changes with StatReloader
INFO 2025-11-16 23:33:38,092 autoreload E:\NguyenQuocKhanh\DAMH\school_bus_system\config\settings.py changed, reloading.
INFO 2025-11-16 23:33:40,186 autoreload Watching for file changes with StatReloader
INFO 2025-11-16 23:33:40,630 server HTTP/2 support not enabled (install the http2 and tls Twisted extras)
INFO 2025-11-16 23:33:40,630 server Configuring endpoint tcp:port=8000:interface=127.0.0.1
INFO 2025-11-16 23:33:40,632 server Listening on TCP address 127.0.0.1:8000
ERROR 2025-11-16 23:34:10,166 log Internal Server Error: /api/auth/login/
Traceback (most recent call last):
  File "E:\NguyenQuocKhanh\DAMH\school_bus_system\venv\Lib\site-packages\django\core\handlers\exception.py", line 55, in inner
    response = get_response(request)
               ^^^^^^^^^^^^^^^^^^^^^
  File "E:\NguyenQuocKhanh\DAMH\school_bus_system\venv\Lib\site-packages\django\utils\deprecation.py", line 136, in __call__
    response = self.process_response(request, response)
               ^^^^^^^^^^^^^^^^^^^^^^^^^^^^^^^^^^^^^^^^
  File "E:\NguyenQuocKhanh\DAMH\school_bus_system\venv\Lib\site-packages\django\middleware\security.py", line 47, in process_response
    response.headers.setdefault("X-Content-Type-Options", "nosniff")
    ^^^^^^^^^^^^^^^^
AttributeError: 'coroutine' object has no attribute 'headers'
ERROR 2025-11-16 23:34:10,812 server Exception inside application: object HttpResponse can't be used in 'await' expression
Traceback (most recent call last):
  File "E:\NguyenQuocKhanh\DAMH\school_bus_system\venv\Lib\site-packages\django\contrib\staticfiles\handlers.py", line 101, in __call__
    return await self.application(scope, receive, send)
           ^^^^^^^^^^^^^^^^^^^^^^^^^^^^^^^^^^^^^^^^^^^^
  File "E:\NguyenQuocKhanh\DAMH\school_bus_system\venv\Lib\site-packages\channels\routing.py", line 62, in __call__
    return await application(scope, receive, send)
           ^^^^^^^^^^^^^^^^^^^^^^^^^^^^^^^^^^^^^^^
  File "E:\NguyenQuocKhanh\DAMH\school_bus_system\venv\Lib\site-packages\django\core\handlers\asgi.py", line 160, in __call__
    await self.handle(scope, receive, send)
  File "E:\NguyenQuocKhanh\DAMH\school_bus_system\venv\Lib\site-packages\django\core\handlers\asgi.py", line 183, in handle
    response = await self.get_response_async(request)
               ^^^^^^^^^^^^^^^^^^^^^^^^^^^^^^^^^^^^^^
  File "E:\NguyenQuocKhanh\DAMH\school_bus_system\venv\Lib\site-packages\django\core\handlers\base.py", line 162, in get_response_async
    response = await self._middleware_chain(request)
               ^^^^^^^^^^^^^^^^^^^^^^^^^^^^^^^^^^^^^
TypeError: object HttpResponse can't be used in 'await' expression
ERROR 2025-11-16 23:34:10,813 runserver [35;1mHTTP POST /api/auth/login/ 500 [0.68, 127.0.0.1:59673][0m
INFO 2025-11-16 23:34:34,689 autoreload Watching for file changes with StatReloader
INFO 2025-11-16 23:34:35,146 server HTTP/2 support not enabled (install the http2 and tls Twisted extras)
INFO 2025-11-16 23:34:35,146 server Configuring endpoint tcp:port=8000:interface=127.0.0.1
INFO 2025-11-16 23:34:35,153 server Listening on TCP address 127.0.0.1:8000
INFO 2025-11-16 23:35:13,563 autoreload Watching for file changes with StatReloader
INFO 2025-11-16 23:35:13,912 server HTTP/2 support not enabled (install the http2 and tls Twisted extras)
INFO 2025-11-16 23:35:13,912 server Configuring endpoint tcp:port=8000:interface=127.0.0.1
INFO 2025-11-16 23:35:13,913 server Listening on TCP address 127.0.0.1:8000
ERROR 2025-11-16 23:35:19,317 log Internal Server Error: /api/auth/login/
Traceback (most recent call last):
  File "E:\NguyenQuocKhanh\DAMH\school_bus_system\venv\Lib\site-packages\django\core\handlers\exception.py", line 55, in inner
    response = get_response(request)
               ^^^^^^^^^^^^^^^^^^^^^
  File "E:\NguyenQuocKhanh\DAMH\school_bus_system\venv\Lib\site-packages\django\utils\deprecation.py", line 136, in __call__
    response = self.process_response(request, response)
               ^^^^^^^^^^^^^^^^^^^^^^^^^^^^^^^^^^^^^^^^
  File "E:\NguyenQuocKhanh\DAMH\school_bus_system\venv\Lib\site-packages\django\middleware\security.py", line 47, in process_response
    response.headers.setdefault("X-Content-Type-Options", "nosniff")
    ^^^^^^^^^^^^^^^^
AttributeError: 'coroutine' object has no attribute 'headers'
ERROR 2025-11-16 23:35:19,947 server Exception inside application: object HttpResponse can't be used in 'await' expression
Traceback (most recent call last):
  File "E:\NguyenQuocKhanh\DAMH\school_bus_system\venv\Lib\site-packages\django\contrib\staticfiles\handlers.py", line 101, in __call__
    return await self.application(scope, receive, send)
           ^^^^^^^^^^^^^^^^^^^^^^^^^^^^^^^^^^^^^^^^^^^^
  File "E:\NguyenQuocKhanh\DAMH\school_bus_system\venv\Lib\site-packages\channels\routing.py", line 62, in __call__
    return await application(scope, receive, send)
           ^^^^^^^^^^^^^^^^^^^^^^^^^^^^^^^^^^^^^^^
  File "E:\NguyenQuocKhanh\DAMH\school_bus_system\venv\Lib\site-packages\django\core\handlers\asgi.py", line 160, in __call__
    await self.handle(scope, receive, send)
  File "E:\NguyenQuocKhanh\DAMH\school_bus_system\venv\Lib\site-packages\django\core\handlers\asgi.py", line 183, in handle
    response = await self.get_response_async(request)
               ^^^^^^^^^^^^^^^^^^^^^^^^^^^^^^^^^^^^^^
  File "E:\NguyenQuocKhanh\DAMH\school_bus_system\venv\Lib\site-packages\django\core\handlers\base.py", line 162, in get_response_async
    response = await self._middleware_chain(request)
               ^^^^^^^^^^^^^^^^^^^^^^^^^^^^^^^^^^^^^
TypeError: object HttpResponse can't be used in 'await' expression
ERROR 2025-11-16 23:35:19,949 runserver [35;1mHTTP POST /api/auth/login/ 500 [0.68, 127.0.0.1:53536][0m
INFO 2025-11-17 14:05:53,241 autoreload Watching for file changes with StatReloader
INFO 2025-11-17 14:05:53,832 server HTTP/2 support not enabled (install the http2 and tls Twisted extras)
INFO 2025-11-17 14:05:53,832 server Configuring endpoint tcp:port=8000:interface=127.0.0.1
INFO 2025-11-17 14:05:53,835 server Listening on TCP address 127.0.0.1:8000
ERROR 2025-11-17 14:06:04,961 log Internal Server Error: /admin/
Traceback (most recent call last):
  File "E:\NguyenQuocKhanh\DAMH\school_bus_system\venv\Lib\site-packages\django\core\handlers\exception.py", line 55, in inner
    response = get_response(request)
               ^^^^^^^^^^^^^^^^^^^^^
  File "E:\NguyenQuocKhanh\DAMH\school_bus_system\venv\Lib\site-packages\django\utils\deprecation.py", line 136, in __call__
    response = self.process_response(request, response)
               ^^^^^^^^^^^^^^^^^^^^^^^^^^^^^^^^^^^^^^^^
  File "E:\NguyenQuocKhanh\DAMH\school_bus_system\venv\Lib\site-packages\django\middleware\security.py", line 47, in process_response
    response.headers.setdefault("X-Content-Type-Options", "nosniff")
    ^^^^^^^^^^^^^^^^
AttributeError: 'coroutine' object has no attribute 'headers'
ERROR 2025-11-17 14:06:04,964 server Exception inside application: object HttpResponse can't be used in 'await' expression
Traceback (most recent call last):
  File "E:\NguyenQuocKhanh\DAMH\school_bus_system\venv\Lib\site-packages\django\contrib\staticfiles\handlers.py", line 101, in __call__
    return await self.application(scope, receive, send)
           ^^^^^^^^^^^^^^^^^^^^^^^^^^^^^^^^^^^^^^^^^^^^
  File "E:\NguyenQuocKhanh\DAMH\school_bus_system\venv\Lib\site-packages\channels\routing.py", line 62, in __call__
    return await application(scope, receive, send)
           ^^^^^^^^^^^^^^^^^^^^^^^^^^^^^^^^^^^^^^^
  File "E:\NguyenQuocKhanh\DAMH\school_bus_system\venv\Lib\site-packages\django\core\handlers\asgi.py", line 160, in __call__
    await self.handle(scope, receive, send)
  File "E:\NguyenQuocKhanh\DAMH\school_bus_system\venv\Lib\site-packages\django\core\handlers\asgi.py", line 183, in handle
    response = await self.get_response_async(request)
               ^^^^^^^^^^^^^^^^^^^^^^^^^^^^^^^^^^^^^^
  File "E:\NguyenQuocKhanh\DAMH\school_bus_system\venv\Lib\site-packages\django\core\handlers\base.py", line 162, in get_response_async
    response = await self._middleware_chain(request)
               ^^^^^^^^^^^^^^^^^^^^^^^^^^^^^^^^^^^^^
TypeError: object HttpResponse can't be used in 'await' expression
ERROR 2025-11-17 14:06:04,968 runserver [35;1mHTTP GET /admin/ 500 [0.50, 127.0.0.1:51128][0m
ERROR 2025-11-17 14:06:05,702 log Internal Server Error: /favicon.ico
Traceback (most recent call last):
  File "E:\NguyenQuocKhanh\DAMH\school_bus_system\venv\Lib\site-packages\django\core\handlers\exception.py", line 55, in inner
    response = get_response(request)
               ^^^^^^^^^^^^^^^^^^^^^
  File "E:\NguyenQuocKhanh\DAMH\school_bus_system\venv\Lib\site-packages\django\utils\deprecation.py", line 136, in __call__
    response = self.process_response(request, response)
               ^^^^^^^^^^^^^^^^^^^^^^^^^^^^^^^^^^^^^^^^
  File "E:\NguyenQuocKhanh\DAMH\school_bus_system\venv\Lib\site-packages\django\middleware\security.py", line 47, in process_response
    response.headers.setdefault("X-Content-Type-Options", "nosniff")
    ^^^^^^^^^^^^^^^^
AttributeError: 'coroutine' object has no attribute 'headers'
ERROR 2025-11-17 14:06:05,977 server Exception inside application: object HttpResponse can't be used in 'await' expression
Traceback (most recent call last):
  File "E:\NguyenQuocKhanh\DAMH\school_bus_system\venv\Lib\site-packages\django\contrib\staticfiles\handlers.py", line 101, in __call__
    return await self.application(scope, receive, send)
           ^^^^^^^^^^^^^^^^^^^^^^^^^^^^^^^^^^^^^^^^^^^^
  File "E:\NguyenQuocKhanh\DAMH\school_bus_system\venv\Lib\site-packages\channels\routing.py", line 62, in __call__
    return await application(scope, receive, send)
           ^^^^^^^^^^^^^^^^^^^^^^^^^^^^^^^^^^^^^^^
  File "E:\NguyenQuocKhanh\DAMH\school_bus_system\venv\Lib\site-packages\django\core\handlers\asgi.py", line 160, in __call__
    await self.handle(scope, receive, send)
  File "E:\NguyenQuocKhanh\DAMH\school_bus_system\venv\Lib\site-packages\django\core\handlers\asgi.py", line 183, in handle
    response = await self.get_response_async(request)
               ^^^^^^^^^^^^^^^^^^^^^^^^^^^^^^^^^^^^^^
  File "E:\NguyenQuocKhanh\DAMH\school_bus_system\venv\Lib\site-packages\django\core\handlers\base.py", line 162, in get_response_async
    response = await self._middleware_chain(request)
               ^^^^^^^^^^^^^^^^^^^^^^^^^^^^^^^^^^^^^
TypeError: object HttpResponse can't be used in 'await' expression
ERROR 2025-11-17 14:06:05,978 runserver [35;1mHTTP GET /favicon.ico 500 [0.31, 127.0.0.1:51128][0m
